<?xml version="1.0" encoding="utf-8"?><testsuites name="pytest tests"><testsuite name="pytest" errors="0" failures="0" skipped="0" tests="9" time="1.355" timestamp="2026-02-12T02:00:49.974478+00:00" hostname="CPC-singh-YY1B1"><testcase classname="tests.smoke.test_smoke.TestConnectivity" name="test_connect" time="0.153" /><testcase classname="tests.smoke.test_smoke.TestConnectivity" name="test_select_one" time="0.139" /><testcase classname="tests.smoke.test_smoke.TestConnectivity" name="test_server_version" time="0.139" /><testcase classname="tests.smoke.test_smoke.TestConnectivity" name="test_session_info" time="0.145" /><testcase classname="tests.smoke.test_smoke.TestQueries" name="test_multiple_columns" time="0.139" /><testcase classname="tests.smoke.test_smoke.TestQueries" name="test_null_handling" time="0.139" /><testcase classname="tests.smoke.test_smoke.TestQueries" name="test_temp_table_roundtrip" time="0.143" /><testcase classname="tests.smoke.test_smoke.TestQueries" name="test_multiple_batches" time="0.140" /><testcase classname="tests.smoke.test_smoke.TestReconnection" name="test_fresh_connection" time="0.139" /></testsuite></testsuites>